2025-11-21 19:24:22,614 WARNING database DDL Query made to DB:
create table `tabEmployee Grade` (
			name varchar(140) primary key,
			creation datetime(6),
			modified datetime(6),
			modified_by varchar(140),
			owner varchar(140),
			docstatus int(1) not null default '0',
			idx int(8) not null default '0',
			`default_salary_structure` varchar(140),
`currency` varchar(140),
`default_base_pay` decimal(21,9) not null default 0,
`_user_tags` text,
`_comments` text,
`_assign` text,
`_liked_by` text,
index modified(modified))
			ENGINE=InnoDB
			ROW_FORMAT=DYNAMIC
			CHARACTER SET=utf8mb4
			COLLATE=utf8mb4_unicode_ci
2025-11-21 19:24:22,703 WARNING database DDL Query made to DB:
create table `tabLeave Policy Assignment` (
			name varchar(140) primary key,
			creation datetime(6),
			modified datetime(6),
			modified_by varchar(140),
			owner varchar(140),
			docstatus int(1) not null default '0',
			idx int(8) not null default '0',
			`employee` varchar(140),
`employee_name` varchar(140),
`company` varchar(140),
`leave_policy` varchar(140),
`carry_forward` int(1) not null default 0,
`assignment_based_on` varchar(140),
`leave_period` varchar(140),
`effective_from` date,
`effective_to` date,
`leaves_allocated` int(1) not null default 0,
`amended_from` varchar(140),
`_user_tags` text,
`_comments` text,
`_assign` text,
`_liked_by` text,
index modified(modified))
			ENGINE=InnoDB
			ROW_FORMAT=DYNAMIC
			CHARACTER SET=utf8mb4
			COLLATE=utf8mb4_unicode_ci
2025-11-21 19:24:22,779 WARNING database DDL Query made to DB:
create table `tabExpected Skill Set` (
			name varchar(140) primary key,
			creation datetime(6),
			modified datetime(6),
			modified_by varchar(140),
			owner varchar(140),
			docstatus int(1) not null default '0',
			idx int(8) not null default '0',
			`skill` varchar(140),
`description` text,
parent varchar(140),
parentfield varchar(140),
parenttype varchar(140),
index parent(parent))
			ENGINE=InnoDB
			ROW_FORMAT=DYNAMIC
			CHARACTER SET=utf8mb4
			COLLATE=utf8mb4_unicode_ci
2025-11-21 19:24:22,873 WARNING database DDL Query made to DB:
create table `tabEmployee Referral` (
			name varchar(140) primary key,
			creation datetime(6),
			modified datetime(6),
			modified_by varchar(140),
			owner varchar(140),
			docstatus int(1) not null default '0',
			idx int(8) not null default '0',
			`first_name` varchar(140),
`last_name` varchar(140),
`full_name` varchar(140),
`date` date,
`status` varchar(140),
`for_designation` varchar(140),
`email` varchar(140) unique,
`contact_no` varchar(140),
`resume_link` varchar(140),
`current_employer` varchar(140),
`current_job_title` varchar(140),
`resume` text,
`referrer` varchar(140),
`referrer_name` varchar(140),
`is_applicable_for_referral_bonus` int(1) not null default 1,
`referral_payment_status` varchar(140),
`department` varchar(140),
`qualification_reason` longtext,
`work_references` longtext,
`amended_from` varchar(140),
`_user_tags` text,
`_comments` text,
`_assign` text,
`_liked_by` text,
index modified(modified))
			ENGINE=InnoDB
			ROW_FORMAT=DYNAMIC
			CHARACTER SET=utf8mb4
			COLLATE=utf8mb4_unicode_ci
2025-11-21 19:24:22,967 WARNING database DDL Query made to DB:
create table `tabOvertime Type` (
			name varchar(140) primary key,
			creation datetime(6),
			modified datetime(6),
			modified_by varchar(140),
			owner varchar(140),
			docstatus int(1) not null default '0',
			idx int(8) not null default '0',
			`maximum_overtime_hours_allowed` decimal(21,9) not null default 0,
`overtime_salary_component` varchar(140),
`overtime_calculation_method` varchar(140) default 'Salary Component Based',
`hourly_rate` decimal(21,9) not null default 0,
`standard_multiplier` decimal(21,9) not null default 0,
`applicable_for_public_holiday` int(1) not null default 0,
`public_holiday_multiplier` decimal(21,9) not null default 0,
`applicable_for_weekend` int(1) not null default 0,
`weekend_multiplier` decimal(21,9) not null default 0,
`_user_tags` text,
`_comments` text,
`_assign` text,
`_liked_by` text,
index modified(modified))
			ENGINE=InnoDB
			ROW_FORMAT=DYNAMIC
			CHARACTER SET=utf8mb4
			COLLATE=utf8mb4_unicode_ci
2025-11-21 19:24:23,044 WARNING database DDL Query made to DB:
create table `tabExpense Taxes and Charges` (
			name varchar(140) primary key,
			creation datetime(6),
			modified datetime(6),
			modified_by varchar(140),
			owner varchar(140),
			docstatus int(1) not null default '0',
			idx int(8) not null default '0',
			`account_head` varchar(140),
`rate` decimal(21,9) not null default 0,
`tax_amount` decimal(21,9) not null default 0,
`base_tax_amount` decimal(21,9) not null default 0,
`total` decimal(21,9) not null default 0,
`base_total` decimal(21,9) not null default 0,
`description` text,
`cost_center` varchar(140),
`project` varchar(140),
parent varchar(140),
parentfield varchar(140),
parenttype varchar(140),
index parent(parent))
			ENGINE=InnoDB
			ROW_FORMAT=DYNAMIC
			CHARACTER SET=utf8mb4
			COLLATE=utf8mb4_unicode_ci
2025-11-21 19:24:23,125 WARNING database DDL Query made to DB:
create table `tabTraining Result` (
			name varchar(140) primary key,
			creation datetime(6),
			modified datetime(6),
			modified_by varchar(140),
			owner varchar(140),
			docstatus int(1) not null default '0',
			idx int(8) not null default '0',
			`training_event` varchar(140) unique,
`amended_from` varchar(140),
`employee_emails` text,
`_user_tags` text,
`_comments` text,
`_assign` text,
`_liked_by` text,
index modified(modified))
			ENGINE=InnoDB
			ROW_FORMAT=DYNAMIC
			CHARACTER SET=utf8mb4
			COLLATE=utf8mb4_unicode_ci
2025-11-21 19:24:23,191 WARNING database DDL Query made to DB:
create table `tabInterviewer` (
			name varchar(140) primary key,
			creation datetime(6),
			modified datetime(6),
			modified_by varchar(140),
			owner varchar(140),
			docstatus int(1) not null default '0',
			idx int(8) not null default '0',
			`user` varchar(140),
parent varchar(140),
parentfield varchar(140),
parenttype varchar(140),
index parent(parent))
			ENGINE=InnoDB
			ROW_FORMAT=DYNAMIC
			CHARACTER SET=utf8mb4
			COLLATE=utf8mb4_unicode_ci
2025-11-21 19:24:23,273 WARNING database DDL Query made to DB:
create table `tabJob Requisition` (
			name varchar(140) primary key,
			creation datetime(6),
			modified datetime(6),
			modified_by varchar(140),
			owner varchar(140),
			docstatus int(1) not null default '0',
			idx int(8) not null default '0',
			`naming_series` varchar(140),
`designation` varchar(140),
`department` varchar(140),
`no_of_positions` int(11) not null default 0,
`expected_compensation` decimal(21,9) not null default 0,
`company` varchar(140),
`status` varchar(140),
`requested_by` varchar(140),
`requested_by_name` varchar(140),
`requested_by_dept` varchar(140),
`requested_by_designation` varchar(140),
`posting_date` date,
`completed_on` date,
`expected_by` date,
`time_to_fill` decimal(21,9),
`description` longtext,
`reason_for_requesting` text,
`_user_tags` text,
`_comments` text,
`_assign` text,
`_liked_by` text,
index modified(modified))
			ENGINE=InnoDB
			ROW_FORMAT=DYNAMIC
			CHARACTER SET=utf8mb4
			COLLATE=utf8mb4_unicode_ci
2025-11-21 19:24:23,347 WARNING database DDL Query made to DB:
create table `tabEmployee Boarding Activity` (
			name varchar(140) primary key,
			creation datetime(6),
			modified datetime(6),
			modified_by varchar(140),
			owner varchar(140),
			docstatus int(1) not null default '0',
			idx int(8) not null default '0',
			`activity_name` varchar(140),
`user` varchar(140),
`role` varchar(140),
`begin_on` int(11) not null default 0,
`duration` int(11) not null default 0,
`task` varchar(140),
`task_weight` decimal(21,9) not null default 0,
`required_for_employee_creation` int(1) not null default 0,
`description` longtext,
parent varchar(140),
parentfield varchar(140),
parenttype varchar(140),
index parent(parent))
			ENGINE=InnoDB
			ROW_FORMAT=DYNAMIC
			CHARACTER SET=utf8mb4
			COLLATE=utf8mb4_unicode_ci
2025-11-21 19:24:23,427 WARNING database DDL Query made to DB:
create table `tabTraining Program` (
			name varchar(140) primary key,
			creation datetime(6),
			modified datetime(6),
			modified_by varchar(140),
			owner varchar(140),
			docstatus int(1) not null default '0',
			idx int(8) not null default '0',
			`training_program` varchar(140) unique,
`status` varchar(140) default 'Scheduled',
`company` varchar(140),
`trainer_name` varchar(140),
`trainer_email` varchar(140),
`supplier` varchar(140),
`contact_number` varchar(140),
`description` longtext,
`amended_from` varchar(140),
`_user_tags` text,
`_comments` text,
`_assign` text,
`_liked_by` text,
index modified(modified))
			ENGINE=InnoDB
			ROW_FORMAT=DYNAMIC
			CHARACTER SET=utf8mb4
			COLLATE=utf8mb4_unicode_ci
2025-11-21 19:24:23,491 WARNING database DDL Query made to DB:
create table `tabEmployee Property History` (
			name varchar(140) primary key,
			creation datetime(6),
			modified datetime(6),
			modified_by varchar(140),
			owner varchar(140),
			docstatus int(1) not null default '0',
			idx int(8) not null default '0',
			`property` varchar(140),
`current` varchar(140),
`new` varchar(140),
`fieldname` varchar(140),
parent varchar(140),
parentfield varchar(140),
parenttype varchar(140),
index parent(parent))
			ENGINE=InnoDB
			ROW_FORMAT=DYNAMIC
			CHARACTER SET=utf8mb4
			COLLATE=utf8mb4_unicode_ci
2025-11-21 19:24:23,558 WARNING database DDL Query made to DB:
create sequence if not exists pwa_notification_id_seq nocache nocycle
2025-11-21 19:24:23,579 WARNING database DDL Query made to DB:
create table `tabPWA Notification` (
			name bigint primary key,
			creation datetime(6),
			modified datetime(6),
			modified_by varchar(140),
			owner varchar(140),
			docstatus int(1) not null default '0',
			idx int(8) not null default '0',
			`to_user` varchar(140),
`from_user` varchar(140),
`message` longtext,
`read` int(1) not null default 0,
`reference_document_type` varchar(140),
`reference_document_name` varchar(140),
`_user_tags` text,
`_comments` text,
`_assign` text,
`_liked_by` text,
index `to_user`(`to_user`),
index modified(modified))
			ENGINE=InnoDB
			ROW_FORMAT=DYNAMIC
			CHARACTER SET=utf8mb4
			COLLATE=utf8mb4_unicode_ci
2025-11-21 19:24:23,651 WARNING database DDL Query made to DB:
create table `tabAppraisee` (
			name varchar(140) primary key,
			creation datetime(6),
			modified datetime(6),
			modified_by varchar(140),
			owner varchar(140),
			docstatus int(1) not null default '0',
			idx int(8) not null default '0',
			`employee` varchar(140),
`employee_name` varchar(140),
`appraisal_template` varchar(140),
`department` varchar(140),
`designation` varchar(140),
`branch` varchar(140),
parent varchar(140),
parentfield varchar(140),
parenttype varchar(140),
index parent(parent))
			ENGINE=InnoDB
			ROW_FORMAT=DYNAMIC
			CHARACTER SET=utf8mb4
			COLLATE=utf8mb4_unicode_ci
2025-11-21 19:24:23,716 WARNING database DDL Query made to DB:
create table `tabSkill` (
			name varchar(140) primary key,
			creation datetime(6),
			modified datetime(6),
			modified_by varchar(140),
			owner varchar(140),
			docstatus int(1) not null default '0',
			idx int(8) not null default '0',
			`skill_name` varchar(140) unique,
`description` text,
`_user_tags` text,
`_comments` text,
`_assign` text,
`_liked_by` text,
index modified(modified))
			ENGINE=InnoDB
			ROW_FORMAT=DYNAMIC
			CHARACTER SET=utf8mb4
			COLLATE=utf8mb4_unicode_ci
2025-11-21 19:24:23,856 WARNING database DDL Query made to DB:
create table `tabTravel Request` (
			name varchar(140) primary key,
			creation datetime(6),
			modified datetime(6),
			modified_by varchar(140),
			owner varchar(140),
			docstatus int(1) not null default '0',
			idx int(8) not null default '0',
			`travel_type` varchar(140),
`travel_funding` varchar(140),
`travel_proof` text,
`purpose_of_travel` varchar(140),
`details_of_sponsor` varchar(140),
`employee` varchar(140),
`employee_name` varchar(140),
`cell_number` varchar(140),
`prefered_email` varchar(140),
`company` varchar(140),
`date_of_birth` date,
`personal_id_type` varchar(140),
`personal_id_number` varchar(140),
`passport_number` varchar(140),
`description` text,
`cost_center` varchar(140),
`name_of_organizer` varchar(140),
`address_of_organizer` varchar(140),
`other_details` text,
`amended_from` varchar(140),
`_user_tags` text,
`_comments` text,
`_assign` text,
`_liked_by` text,
index modified(modified))
			ENGINE=InnoDB
			ROW_FORMAT=DYNAMIC
			CHARACTER SET=utf8mb4
			COLLATE=utf8mb4_unicode_ci
2025-11-21 19:24:23,928 WARNING database DDL Query made to DB:
create table `tabFull and Final Asset` (
			name varchar(140) primary key,
			creation datetime(6),
			modified datetime(6),
			modified_by varchar(140),
			owner varchar(140),
			docstatus int(1) not null default '0',
			idx int(8) not null default '0',
			`reference` varchar(140),
`asset_name` varchar(140),
`date` datetime(6),
`actual_cost` decimal(21,9) not null default 0,
`cost` decimal(21,9) not null default 0,
`account` varchar(140),
`action` varchar(140) default 'Return',
`status` varchar(140),
`description` text,
parent varchar(140),
parentfield varchar(140),
parenttype varchar(140),
index parent(parent))
			ENGINE=InnoDB
			ROW_FORMAT=DYNAMIC
			CHARACTER SET=utf8mb4
			COLLATE=utf8mb4_unicode_ci
2025-11-21 19:24:24,000 WARNING database DDL Query made to DB:
create table `tabAppointment Letter Template` (
			name varchar(140) primary key,
			creation datetime(6),
			modified datetime(6),
			modified_by varchar(140),
			owner varchar(140),
			docstatus int(1) not null default '0',
			idx int(8) not null default '0',
			`template_name` varchar(140) unique,
`introduction` longtext,
`closing_notes` text,
`_user_tags` text,
`_comments` text,
`_assign` text,
`_liked_by` text,
index modified(modified))
			ENGINE=InnoDB
			ROW_FORMAT=DYNAMIC
			CHARACTER SET=utf8mb4
			COLLATE=utf8mb4_unicode_ci
2025-11-21 19:24:24,070 WARNING database DDL Query made to DB:
create table `tabOvertime Details` (
			name varchar(140) primary key,
			creation datetime(6),
			modified datetime(6),
			modified_by varchar(140),
			owner varchar(140),
			docstatus int(1) not null default '0',
			idx int(8) not null default '0',
			`reference_document` varchar(140),
`date` date,
`overtime_type` varchar(140),
`overtime_duration` decimal(21,2) not null default 0,
`standard_working_hours` decimal(21,9) not null default 0,
`maximum_overtime_hours_allowed` decimal(21,9) not null default 0,
parent varchar(140),
parentfield varchar(140),
parenttype varchar(140),
index parent(parent))
			ENGINE=InnoDB
			ROW_FORMAT=DYNAMIC
			CHARACTER SET=utf8mb4
			COLLATE=utf8mb4_unicode_ci
2025-11-21 19:24:24,134 WARNING database DDL Query made to DB:
create table `tabOffer Term` (
			name varchar(140) primary key,
			creation datetime(6),
			modified datetime(6),
			modified_by varchar(140),
			owner varchar(140),
			docstatus int(1) not null default '0',
			idx int(8) not null default '0',
			`offer_term` varchar(140) unique,
`_user_tags` text,
`_comments` text,
`_assign` text,
`_liked_by` text,
index modified(modified))
			ENGINE=InnoDB
			ROW_FORMAT=DYNAMIC
			CHARACTER SET=utf8mb4
			COLLATE=utf8mb4_unicode_ci
2025-11-21 19:24:24,207 WARNING database DDL Query made to DB:
create table `tabShift Schedule` (
			name varchar(140) primary key,
			creation datetime(6),
			modified datetime(6),
			modified_by varchar(140),
			owner varchar(140),
			docstatus int(1) not null default '0',
			idx int(8) not null default '0',
			`shift_type` varchar(140),
`frequency` varchar(140),
`amended_from` varchar(140),
`_user_tags` text,
`_comments` text,
`_assign` text,
`_liked_by` text,
index `amended_from`(`amended_from`),
index modified(modified))
			ENGINE=InnoDB
			ROW_FORMAT=DYNAMIC
			CHARACTER SET=utf8mb4
			COLLATE=utf8mb4_unicode_ci
2025-11-21 19:24:24,281 WARNING database DDL Query made to DB:
create table `tabEmployee Feedback Criteria` (
			name varchar(140) primary key,
			creation datetime(6),
			modified datetime(6),
			modified_by varchar(140),
			owner varchar(140),
			docstatus int(1) not null default '0',
			idx int(8) not null default '0',
			`criteria` varchar(140) unique,
`_user_tags` text,
`_comments` text,
`_assign` text,
`_liked_by` text,
index modified(modified))
			ENGINE=InnoDB
			ROW_FORMAT=DYNAMIC
			CHARACTER SET=utf8mb4
			COLLATE=utf8mb4_unicode_ci
2025-11-21 19:24:24,382 WARNING database DDL Query made to DB:
create table `tabLeave Allocation` (
			name varchar(140) primary key,
			creation datetime(6),
			modified datetime(6),
			modified_by varchar(140),
			owner varchar(140),
			docstatus int(1) not null default '0',
			idx int(8) not null default '0',
			`naming_series` varchar(140),
`employee` varchar(140),
`employee_name` varchar(140),
`department` varchar(140),
`company` varchar(140),
`leave_type` varchar(140),
`from_date` date,
`to_date` date,
`new_leaves_allocated` decimal(21,9) not null default 0,
`carry_forward` int(1) not null default 0,
`unused_leaves` decimal(21,9) not null default 0,
`total_leaves_allocated` decimal(21,9) not null default 0,
`total_leaves_encashed` decimal(21,9) not null default 0,
`compensatory_request` varchar(140),
`leave_period` varchar(140),
`leave_policy` varchar(140),
`leave_policy_assignment` varchar(140),
`carry_forwarded_leaves_count` decimal(21,9) not null default 0,
`expired` int(1) not null default 0,
`amended_from` varchar(140),
`description` text,
`_user_tags` text,
`_comments` text,
`_assign` text,
`_liked_by` text,
index `employee`(`employee`),
index `employee_name`(`employee_name`),
index `leave_type`(`leave_type`),
index modified(modified))
			ENGINE=InnoDB
			ROW_FORMAT=DYNAMIC
			CHARACTER SET=utf8mb4
			COLLATE=utf8mb4_unicode_ci
2025-11-21 19:24:24,470 WARNING database DDL Query made to DB:
create table `tabShift Location` (
			name varchar(140) primary key,
			creation datetime(6),
			modified datetime(6),
			modified_by varchar(140),
			owner varchar(140),
			docstatus int(1) not null default '0',
			idx int(8) not null default '0',
			`location_name` varchar(140) unique,
`checkin_radius` int(11) not null default 0,
`latitude` decimal(21,9) not null default 0,
`longitude` decimal(21,9) not null default 0,
`geolocation` longtext,
`_user_tags` text,
`_comments` text,
`_assign` text,
`_liked_by` text,
index modified(modified))
			ENGINE=InnoDB
			ROW_FORMAT=DYNAMIC
			CHARACTER SET=utf8mb4
			COLLATE=utf8mb4_unicode_ci
2025-11-21 19:24:24,549 WARNING database DDL Query made to DB:
create table `tabExpense Claim Type` (
			name varchar(140) primary key,
			creation datetime(6),
			modified datetime(6),
			modified_by varchar(140),
			owner varchar(140),
			docstatus int(1) not null default '0',
			idx int(8) not null default '0',
			`deferred_expense_account` int(1) not null default 0,
`expense_type` varchar(140) unique,
`description` text,
`_user_tags` text,
`_comments` text,
`_assign` text,
`_liked_by` text,
index modified(modified))
			ENGINE=InnoDB
			ROW_FORMAT=DYNAMIC
			CHARACTER SET=utf8mb4
			COLLATE=utf8mb4_unicode_ci
2025-11-21 19:24:24,615 WARNING database DDL Query made to DB:
create table `tabLeave Policy Detail` (
			name varchar(140) primary key,
			creation datetime(6),
			modified datetime(6),
			modified_by varchar(140),
			owner varchar(140),
			docstatus int(1) not null default '0',
			idx int(8) not null default '0',
			`leave_type` varchar(140),
`annual_allocation` decimal(21,9) not null default 0,
parent varchar(140),
parentfield varchar(140),
parenttype varchar(140),
index parent(parent))
			ENGINE=InnoDB
			ROW_FORMAT=DYNAMIC
			CHARACTER SET=utf8mb4
			COLLATE=utf8mb4_unicode_ci
2025-11-21 19:24:24,702 WARNING database DDL Query made to DB:
create table `tabJob Opening` (
			name varchar(140) primary key,
			creation datetime(6),
			modified datetime(6),
			modified_by varchar(140),
			owner varchar(140),
			docstatus int(1) not null default '0',
			idx int(8) not null default '0',
			`job_title` varchar(140),
`designation` varchar(140),
`status` varchar(140),
`posted_on` datetime(6),
`closes_on` date,
`closed_on` date,
`company` varchar(140),
`department` varchar(140),
`employment_type` varchar(140),
`location` varchar(140),
`staffing_plan` varchar(140),
`planned_vacancies` int(11) not null default 0,
`job_requisition` varchar(140),
`vacancies` int(11) not null default 0,
`publish` int(1) not null default 0,
`route` varchar(140) unique,
`publish_applications_received` int(1) not null default 1,
`job_application_route` varchar(140),
`description` longtext,
`currency` varchar(140),
`lower_range` decimal(21,0) not null default 0,
`upper_range` decimal(21,0) not null default 0,
`salary_per` varchar(140) default 'Month',
`publish_salary_range` int(1) not null default 0,
`_user_tags` text,
`_comments` text,
`_assign` text,
`_liked_by` text,
index modified(modified))
			ENGINE=InnoDB
			ROW_FORMAT=DYNAMIC
			CHARACTER SET=utf8mb4
			COLLATE=utf8mb4_unicode_ci
2025-11-21 19:24:24,775 WARNING database DDL Query made to DB:
create table `tabJob Offer` (
			name varchar(140) primary key,
			creation datetime(6),
			modified datetime(6),
			modified_by varchar(140),
			owner varchar(140),
			docstatus int(1) not null default '0',
			idx int(8) not null default '0',
			`job_applicant` varchar(140),
`applicant_name` varchar(140),
`applicant_email` varchar(140),
`status` varchar(140),
`offer_date` date,
`designation` varchar(140),
`company` varchar(140),
`job_offer_term_template` varchar(140),
`select_terms` varchar(140),
`terms` longtext,
`letter_head` varchar(140),
`select_print_heading` varchar(140),
`amended_from` varchar(140),
`_user_tags` text,
`_comments` text,
`_assign` text,
`_liked_by` text,
index modified(modified))
			ENGINE=InnoDB
			ROW_FORMAT=DYNAMIC
			CHARACTER SET=utf8mb4
			COLLATE=utf8mb4_unicode_ci
2025-11-21 19:24:24,874 WARNING database DDL Query made to DB:
create table `tabAttendance` (
			name varchar(140) primary key,
			creation datetime(6),
			modified datetime(6),
			modified_by varchar(140),
			owner varchar(140),
			docstatus int(1) not null default '0',
			idx int(8) not null default '0',
			`naming_series` varchar(140),
`employee` varchar(140),
`employee_name` varchar(140),
`working_hours` decimal(21,1) not null default 0,
`status` varchar(140) default 'Present',
`leave_type` varchar(140),
`leave_application` varchar(140),
`attendance_date` date,
`company` varchar(140),
`department` varchar(140),
`attendance_request` varchar(140),
`half_day_status` varchar(140),
`shift` varchar(140),
`in_time` datetime(6),
`out_time` datetime(6),
`late_entry` int(1) not null default 0,
`early_exit` int(1) not null default 0,
`amended_from` varchar(140),
`modify_half_day_status` int(1) not null default 0,
`overtime_type` varchar(140),
`actual_overtime_duration` decimal(21,9) not null default 0,
`standard_working_hours` decimal(21,9) not null default 0,
`_user_tags` text,
`_comments` text,
`_assign` text,
`_liked_by` text,
index `employee`(`employee`),
index `status`(`status`),
index `attendance_date`(`attendance_date`),
index modified(modified))
			ENGINE=InnoDB
			ROW_FORMAT=DYNAMIC
			CHARACTER SET=utf8mb4
			COLLATE=utf8mb4_unicode_ci
2025-11-21 19:24:24,959 WARNING database DDL Query made to DB:
create table `tabVehicle Service` (
			name varchar(140) primary key,
			creation datetime(6),
			modified datetime(6),
			modified_by varchar(140),
			owner varchar(140),
			docstatus int(1) not null default '0',
			idx int(8) not null default '0',
			`service_item` varchar(140),
`type` varchar(140),
`frequency` varchar(140),
`expense_amount` decimal(21,9) not null default 0,
parent varchar(140),
parentfield varchar(140),
parenttype varchar(140),
index parent(parent))
			ENGINE=InnoDB
			ROW_FORMAT=DYNAMIC
			CHARACTER SET=utf8mb4
			COLLATE=utf8mb4_unicode_ci
2025-11-21 19:24:25,030 WARNING database DDL Query made to DB:
create table `tabIdentification Document Type` (
			name varchar(140) primary key,
			creation datetime(6),
			modified datetime(6),
			modified_by varchar(140),
			owner varchar(140),
			docstatus int(1) not null default '0',
			idx int(8) not null default '0',
			`identification_document_type` varchar(140) unique,
`_user_tags` text,
`_comments` text,
`_assign` text,
`_liked_by` text,
index modified(modified))
			ENGINE=InnoDB
			ROW_FORMAT=DYNAMIC
			CHARACTER SET=utf8mb4
			COLLATE=utf8mb4_unicode_ci
2025-11-21 19:24:25,099 WARNING database DDL Query made to DB:
create table `tabJob Offer Term` (
			name varchar(140) primary key,
			creation datetime(6),
			modified datetime(6),
			modified_by varchar(140),
			owner varchar(140),
			docstatus int(1) not null default '0',
			idx int(8) not null default '0',
			`offer_term` varchar(140),
`value` text,
parent varchar(140),
parentfield varchar(140),
parenttype varchar(140),
index parent(parent))
			ENGINE=InnoDB
			ROW_FORMAT=DYNAMIC
			CHARACTER SET=utf8mb4
			COLLATE=utf8mb4_unicode_ci
2025-11-21 19:24:25,168 WARNING database DDL Query made to DB:
create table `tabDepartment Approver` (
			name varchar(140) primary key,
			creation datetime(6),
			modified datetime(6),
			modified_by varchar(140),
			owner varchar(140),
			docstatus int(1) not null default '0',
			idx int(8) not null default '0',
			`approver` varchar(140),
parent varchar(140),
parentfield varchar(140),
parenttype varchar(140),
index parent(parent))
			ENGINE=InnoDB
			ROW_FORMAT=DYNAMIC
			CHARACTER SET=utf8mb4
			COLLATE=utf8mb4_unicode_ci
2025-11-21 19:24:25,239 WARNING database DDL Query made to DB:
create table `tabVehicle Service Item` (
			name varchar(140) primary key,
			creation datetime(6),
			modified datetime(6),
			modified_by varchar(140),
			owner varchar(140),
			docstatus int(1) not null default '0',
			idx int(8) not null default '0',
			`service_item` varchar(140) unique,
`_user_tags` text,
`_comments` text,
`_assign` text,
`_liked_by` text,
index modified(modified))
			ENGINE=InnoDB
			ROW_FORMAT=DYNAMIC
			CHARACTER SET=utf8mb4
			COLLATE=utf8mb4_unicode_ci
2025-11-21 19:24:25,332 WARNING database DDL Query made to DB:
create table `tabAppraisal Cycle` (
			name varchar(140) primary key,
			creation datetime(6),
			modified datetime(6),
			modified_by varchar(140),
			owner varchar(140),
			docstatus int(1) not null default '0',
			idx int(8) not null default '0',
			`cycle_name` varchar(140) unique,
`company` varchar(140),
`status` varchar(140) default 'Not Started',
`start_date` date,
`end_date` date,
`description` longtext,
`kra_evaluation_method` varchar(140) default 'Automated Based on Goal Progress',
`calculate_final_score_based_on_formula` int(1) not null default 0,
`final_score_formula` longtext,
`branch` varchar(140),
`department` varchar(140),
`designation` varchar(140),
`_user_tags` text,
`_comments` text,
`_assign` text,
`_liked_by` text,
index modified(modified))
			ENGINE=InnoDB
			ROW_FORMAT=DYNAMIC
			CHARACTER SET=utf8mb4
			COLLATE=utf8mb4_unicode_ci
2025-11-21 19:24:25,425 WARNING database DDL Query made to DB:
create table `tabExpense Claim Advance` (
			name varchar(140) primary key,
			creation datetime(6),
			modified datetime(6),
			modified_by varchar(140),
			owner varchar(140),
			docstatus int(1) not null default '0',
			idx int(8) not null default '0',
			`employee_advance` varchar(140),
`payment_entry` varchar(140),
`posting_date` date,
`advance_paid` decimal(21,9) not null default 0,
`base_advance_paid` decimal(21,9) not null default 0,
`exchange_rate` decimal(21,9) not null default 0,
`exchange_gain_loss` decimal(21,9) not null default 0,
`unclaimed_amount` decimal(21,9) not null default 0,
`base_unclaimed_amount` decimal(21,9) not null default 0,
`return_amount` decimal(21,9) not null default 0,
`allocated_amount` decimal(21,9) not null default 0,
`base_allocated_amount` decimal(21,9) not null default 0,
`advance_account` varchar(140),
`payment_entry_reference` varchar(140),
parent varchar(140),
parentfield varchar(140),
parenttype varchar(140),
index parent(parent))
			ENGINE=InnoDB
			ROW_FORMAT=DYNAMIC
			CHARACTER SET=utf8mb4
			COLLATE=utf8mb4_unicode_ci
2025-11-21 19:24:25,495 WARNING database DDL Query made to DB:
create table `tabEmployee Skill` (
			name varchar(140) primary key,
			creation datetime(6),
			modified datetime(6),
			modified_by varchar(140),
			owner varchar(140),
			docstatus int(1) not null default '0',
			idx int(8) not null default '0',
			`skill` varchar(140),
`proficiency` decimal(3,2),
`evaluation_date` date,
parent varchar(140),
parentfield varchar(140),
parenttype varchar(140),
index parent(parent))
			ENGINE=InnoDB
			ROW_FORMAT=DYNAMIC
			CHARACTER SET=utf8mb4
			COLLATE=utf8mb4_unicode_ci
2025-11-21 19:24:25,572 WARNING database DDL Query made to DB:
create table `tabShift Schedule Assignment` (
			name varchar(140) primary key,
			creation datetime(6),
			modified datetime(6),
			modified_by varchar(140),
			owner varchar(140),
			docstatus int(1) not null default '0',
			idx int(8) not null default '0',
			`employee` varchar(140),
`employee_name` varchar(140),
`company` varchar(140),
`shift_schedule` varchar(140),
`shift_location` varchar(140),
`shift_status` varchar(140) default 'Active',
`enabled` int(1) not null default 1,
`create_shifts_after` date,
`_user_tags` text,
`_comments` text,
`_assign` text,
`_liked_by` text,
index modified(modified))
			ENGINE=InnoDB
			ROW_FORMAT=DYNAMIC
			CHARACTER SET=utf8mb4
			COLLATE=utf8mb4_unicode_ci
2025-11-21 19:24:25,660 WARNING database DDL Query made to DB:
create table `tabTraining Result Employee` (
			name varchar(140) primary key,
			creation datetime(6),
			modified datetime(6),
			modified_by varchar(140),
			owner varchar(140),
			docstatus int(1) not null default '0',
			idx int(8) not null default '0',
			`employee` varchar(140),
`employee_name` varchar(140),
`department` varchar(140),
`hours` decimal(21,9) not null default 0,
`grade` varchar(140),
`comments` text,
parent varchar(140),
parentfield varchar(140),
parenttype varchar(140),
index parent(parent))
			ENGINE=InnoDB
			ROW_FORMAT=DYNAMIC
			CHARACTER SET=utf8mb4
			COLLATE=utf8mb4_unicode_ci
2025-11-21 19:24:25,737 WARNING database DDL Query made to DB:
create table `tabEmployee Transfer` (
			name varchar(140) primary key,
			creation datetime(6),
			modified datetime(6),
			modified_by varchar(140),
			owner varchar(140),
			docstatus int(1) not null default '0',
			idx int(8) not null default '0',
			`employee` varchar(140),
`employee_name` varchar(140),
`transfer_date` date,
`company` varchar(140),
`new_company` varchar(140),
`department` varchar(140),
`reallocate_leaves` int(1) not null default 0,
`create_new_employee_id` int(1) not null default 0,
`new_employee_id` varchar(140),
`amended_from` varchar(140),
`_user_tags` text,
`_comments` text,
`_assign` text,
`_liked_by` text,
index modified(modified))
			ENGINE=InnoDB
			ROW_FORMAT=DYNAMIC
			CHARACTER SET=utf8mb4
			COLLATE=utf8mb4_unicode_ci
2025-11-21 19:24:25,811 WARNING database DDL Query made to DB:
create table `tabInterview Type` (
			name varchar(140) primary key,
			creation datetime(6),
			modified datetime(6),
			modified_by varchar(140),
			owner varchar(140),
			docstatus int(1) not null default '0',
			idx int(8) not null default '0',
			`description` text,
`_user_tags` text,
`_comments` text,
`_assign` text,
`_liked_by` text,
index modified(modified))
			ENGINE=InnoDB
			ROW_FORMAT=DYNAMIC
			CHARACTER SET=utf8mb4
			COLLATE=utf8mb4_unicode_ci
2025-11-21 19:24:25,891 WARNING database DDL Query made to DB:
create table `tabDaily Work Summary` (
			name varchar(140) primary key,
			creation datetime(6),
			modified datetime(6),
			modified_by varchar(140),
			owner varchar(140),
			docstatus int(1) not null default '0',
			idx int(8) not null default '0',
			`daily_work_summary_group` varchar(140),
`status` varchar(140) default 'Open',
`email_sent_to` longtext,
`_user_tags` text,
`_comments` text,
`_assign` text,
`_liked_by` text,
index modified(modified))
			ENGINE=InnoDB
			ROW_FORMAT=DYNAMIC
			CHARACTER SET=utf8mb4
			COLLATE=utf8mb4_unicode_ci
2025-11-21 19:24:25,974 WARNING database DDL Query made to DB:
create table `tabEmployee Onboarding` (
			name varchar(140) primary key,
			creation datetime(6),
			modified datetime(6),
			modified_by varchar(140),
			owner varchar(140),
			docstatus int(1) not null default '0',
			idx int(8) not null default '0',
			`job_applicant` varchar(140),
`job_offer` varchar(140),
`employee_onboarding_template` varchar(140),
`company` varchar(140),
`boarding_status` varchar(140) default 'Pending',
`project` varchar(140),
`employee` varchar(140),
`employee_name` varchar(140),
`department` varchar(140),
`designation` varchar(140),
`employee_grade` varchar(140),
`holiday_list` varchar(140),
`date_of_joining` date,
`boarding_begins_on` date,
`notify_users_by_email` int(1) not null default 0,
`amended_from` varchar(140),
`_user_tags` text,
`_comments` text,
`_assign` text,
`_liked_by` text,
index modified(modified))
			ENGINE=InnoDB
			ROW_FORMAT=DYNAMIC
			CHARACTER SET=utf8mb4
			COLLATE=utf8mb4_unicode_ci
2025-11-21 19:24:26,056 WARNING database DDL Query made to DB:
create table `tabEmployee Skill Map` (
			name varchar(140) primary key,
			creation datetime(6),
			modified datetime(6),
			modified_by varchar(140),
			owner varchar(140),
			docstatus int(1) not null default '0',
			idx int(8) not null default '0',
			`employee` varchar(140) unique,
`employee_name` varchar(140),
`designation` varchar(140),
`_user_tags` text,
`_comments` text,
`_assign` text,
`_liked_by` text,
index modified(modified))
			ENGINE=InnoDB
			ROW_FORMAT=DYNAMIC
			CHARACTER SET=utf8mb4
			COLLATE=utf8mb4_unicode_ci
2025-11-21 19:24:26,125 WARNING database DDL Query made to DB:
create table `tabKRA` (
			name varchar(140) primary key,
			creation datetime(6),
			modified datetime(6),
			modified_by varchar(140),
			owner varchar(140),
			docstatus int(1) not null default '0',
			idx int(8) not null default '0',
			`title` varchar(140) unique,
`description` text,
`_user_tags` text,
`_comments` text,
`_assign` text,
`_liked_by` text,
index modified(modified))
			ENGINE=InnoDB
			ROW_FORMAT=DYNAMIC
			CHARACTER SET=utf8mb4
			COLLATE=utf8mb4_unicode_ci
2025-11-21 19:24:26,208 WARNING database DDL Query made to DB:
create table `tabEmployee Separation` (
			name varchar(140) primary key,
			creation datetime(6),
			modified datetime(6),
			modified_by varchar(140),
			owner varchar(140),
			docstatus int(1) not null default '0',
			idx int(8) not null default '0',
			`employee` varchar(140),
`employee_name` varchar(140),
`department` varchar(140),
`designation` varchar(140),
`employee_grade` varchar(140),
`company` varchar(140),
`boarding_status` varchar(140) default 'Pending',
`resignation_letter_date` date,
`boarding_begins_on` date,
`project` varchar(140),
`employee_separation_template` varchar(140),
`notify_users_by_email` int(1) not null default 0,
`exit_interview` longtext,
`amended_from` varchar(140),
`_user_tags` text,
`_comments` text,
`_assign` text,
`_liked_by` text,
index modified(modified))
			ENGINE=InnoDB
			ROW_FORMAT=DYNAMIC
			CHARACTER SET=utf8mb4
			COLLATE=utf8mb4_unicode_ci
2025-11-21 19:24:26,303 WARNING database DDL Query made to DB:
create table `tabEmployee Checkin` (
			name varchar(140) primary key,
			creation datetime(6),
			modified datetime(6),
			modified_by varchar(140),
			owner varchar(140),
			docstatus int(1) not null default '0',
			idx int(8) not null default '0',
			`employee` varchar(140),
`employee_name` varchar(140),
`log_type` varchar(140),
`shift` varchar(140),
`overtime_type` varchar(140),
`time` datetime(6),
`device_id` varchar(140),
`skip_auto_attendance` int(1) not null default 0,
`attendance` varchar(140),
`latitude` decimal(21,7) not null default 0,
`longitude` decimal(21,7) not null default 0,
`geolocation` longtext,
`shift_start` datetime(6),
`shift_end` datetime(6),
`offshift` int(1) not null default 0,
`shift_actual_start` datetime(6),
`shift_actual_end` datetime(6),
`_user_tags` text,
`_comments` text,
`_assign` text,
`_liked_by` text,
index `employee`(`employee`),
index `shift`(`shift`),
index modified(modified))
			ENGINE=InnoDB
			ROW_FORMAT=DYNAMIC
			CHARACTER SET=utf8mb4
			COLLATE=utf8mb4_unicode_ci
2025-11-21 19:24:26,380 WARNING database DDL Query made to DB:
create table `tabExpense Claim Account` (
			name varchar(140) primary key,
			creation datetime(6),
			modified datetime(6),
			modified_by varchar(140),
			owner varchar(140),
			docstatus int(1) not null default '0',
			idx int(8) not null default '0',
			`company` varchar(140),
`default_account` varchar(140),
parent varchar(140),
parentfield varchar(140),
parenttype varchar(140),
index parent(parent))
			ENGINE=InnoDB
			ROW_FORMAT=DYNAMIC
			CHARACTER SET=utf8mb4
			COLLATE=utf8mb4_unicode_ci
2025-11-21 19:24:26,452 WARNING database DDL Query made to DB:
create table `tabEmployee Separation Template` (
			name varchar(140) primary key,
			creation datetime(6),
			modified datetime(6),
			modified_by varchar(140),
			owner varchar(140),
			docstatus int(1) not null default '0',
			idx int(8) not null default '0',
			`title` varchar(140),
`company` varchar(140),
`department` varchar(140),
`designation` varchar(140),
`employee_grade` varchar(140),
`_user_tags` text,
`_comments` text,
`_assign` text,
`_liked_by` text,
index modified(modified))
			ENGINE=InnoDB
			ROW_FORMAT=DYNAMIC
			CHARACTER SET=utf8mb4
			COLLATE=utf8mb4_unicode_ci
2025-11-21 19:24:26,527 WARNING database DDL Query made to DB:
create table `tabEmployee Promotion` (
			name varchar(140) primary key,
			creation datetime(6),
			modified datetime(6),
			modified_by varchar(140),
			owner varchar(140),
			docstatus int(1) not null default '0',
			idx int(8) not null default '0',
			`employee` varchar(140),
`employee_name` varchar(140),
`department` varchar(140),
`salary_currency` varchar(140),
`promotion_date` date,
`company` varchar(140),
`current_ctc` decimal(21,9) not null default 0,
`revised_ctc` decimal(21,9) not null default 0,
`amended_from` varchar(140),
`_user_tags` text,
`_comments` text,
`_assign` text,
`_liked_by` text,
index modified(modified))
			ENGINE=InnoDB
			ROW_FORMAT=DYNAMIC
			CHARACTER SET=utf8mb4
			COLLATE=utf8mb4_unicode_ci
2025-11-21 19:24:26,601 WARNING database DDL Query made to DB:
create table `tabEmployee Training` (
			name varchar(140) primary key,
			creation datetime(6),
			modified datetime(6),
			modified_by varchar(140),
			owner varchar(140),
			docstatus int(1) not null default '0',
			idx int(8) not null default '0',
			`training` varchar(140),
`training_date` date,
parent varchar(140),
parentfield varchar(140),
parenttype varchar(140),
index parent(parent))
			ENGINE=InnoDB
			ROW_FORMAT=DYNAMIC
			CHARACTER SET=utf8mb4
			COLLATE=utf8mb4_unicode_ci
2025-11-21 19:24:26,667 WARNING database DDL Query made to DB:
create table `tabLeave Block List Allow` (
			name varchar(140) primary key,
			creation datetime(6),
			modified datetime(6),
			modified_by varchar(140),
			owner varchar(140),
			docstatus int(1) not null default '0',
			idx int(8) not null default '0',
			`allow_user` varchar(140),
parent varchar(140),
parentfield varchar(140),
parenttype varchar(140),
index parent(parent))
			ENGINE=InnoDB
			ROW_FORMAT=DYNAMIC
			CHARACTER SET=utf8mb4
			COLLATE=utf8mb4_unicode_ci
2025-11-21 19:24:26,746 WARNING database DDL Query made to DB:
create table `tabEmployee Performance Feedback` (
			name varchar(140) primary key,
			creation datetime(6),
			modified datetime(6),
			modified_by varchar(140),
			owner varchar(140),
			docstatus int(1) not null default '0',
			idx int(8) not null default '0',
			`employee` varchar(140),
`employee_name` varchar(140),
`department` varchar(140),
`designation` varchar(140),
`company` varchar(140),
`reviewer` varchar(140),
`reviewer_name` varchar(140),
`reviewer_designation` varchar(140),
`user` varchar(140),
`added_on` datetime(6),
`appraisal_cycle` varchar(140),
`appraisal` varchar(140),
`total_score` decimal(21,9) not null default 0,
`feedback` longtext,
`amended_from` varchar(140),
`_user_tags` text,
`_comments` text,
`_assign` text,
`_liked_by` text,
index modified(modified))
			ENGINE=InnoDB
			ROW_FORMAT=DYNAMIC
			CHARACTER SET=utf8mb4
			COLLATE=utf8mb4_unicode_ci
2025-11-21 19:24:26,839 WARNING database DDL Query made to DB:
create table `tabStaffing Plan` (
			name varchar(140) primary key,
			creation datetime(6),
			modified datetime(6),
			modified_by varchar(140),
			owner varchar(140),
			docstatus int(1) not null default '0',
			idx int(8) not null default '0',
			`company` varchar(140),
`department` varchar(140),
`from_date` date,
`to_date` date,
`total_estimated_budget` decimal(21,9) not null default 0,
`amended_from` varchar(140),
`_user_tags` text,
`_comments` text,
`_assign` text,
`_liked_by` text,
index modified(modified))
			ENGINE=InnoDB
			ROW_FORMAT=DYNAMIC
			CHARACTER SET=utf8mb4
			COLLATE=utf8mb4_unicode_ci
2025-11-21 19:24:26,939 WARNING database DDL Query made to DB:
create table `tabLeave Encashment` (
			name varchar(140) primary key,
			creation datetime(6),
			modified datetime(6),
			modified_by varchar(140),
			owner varchar(140),
			docstatus int(1) not null default '0',
			idx int(8) not null default '0',
			`employee` varchar(140),
`employee_name` varchar(140),
`department` varchar(140),
`company` varchar(140),
`leave_period` varchar(140),
`leave_type` varchar(140),
`leave_allocation` varchar(140),
`leave_balance` decimal(21,9) not null default 0,
`actual_encashable_days` decimal(21,9) not null default 0,
`encashment_days` decimal(21,9) not null default 0,
`encashment_amount` decimal(21,9) not null default 0,
`pay_via_payment_entry` int(1) not null default 0,
`expense_account` varchar(140),
`payable_account` varchar(140),
`posting_date` date,
`currency` varchar(140),
`paid_amount` decimal(21,9) not null default 0,
`cost_center` varchar(140),
`encashment_date` date,
`additional_salary` varchar(140),
`amended_from` varchar(140),
`status` varchar(140),
`_user_tags` text,
`_comments` text,
`_assign` text,
`_liked_by` text,
index modified(modified))
			ENGINE=InnoDB
			ROW_FORMAT=DYNAMIC
			CHARACTER SET=utf8mb4
			COLLATE=utf8mb4_unicode_ci
2025-11-21 19:24:27,016 WARNING database DDL Query made to DB:
create table `tabSkill Assessment` (
			name varchar(140) primary key,
			creation datetime(6),
			modified datetime(6),
			modified_by varchar(140),
			owner varchar(140),
			docstatus int(1) not null default '0',
			idx int(8) not null default '0',
			`skill` varchar(140),
`rating` decimal(3,2),
parent varchar(140),
parentfield varchar(140),
parenttype varchar(140),
index parent(parent))
			ENGINE=InnoDB
			ROW_FORMAT=DYNAMIC
			CHARACTER SET=utf8mb4
			COLLATE=utf8mb4_unicode_ci
2025-11-21 19:24:27,111 WARNING database DDL Query made to DB:
create table `tabAppraisal` (
			name varchar(140) primary key,
			creation datetime(6),
			modified datetime(6),
			modified_by varchar(140),
			owner varchar(140),
			docstatus int(1) not null default '0',
			idx int(8) not null default '0',
			`naming_series` varchar(140),
`employee` varchar(140),
`employee_name` varchar(140),
`department` varchar(140),
`designation` varchar(140),
`employee_image` text,
`company` varchar(140),
`appraisal_cycle` varchar(140),
`start_date` date,
`end_date` date,
`final_score` decimal(21,9) not null default 0,
`appraisal_template` varchar(140),
`rate_goals_manually` int(1) not null default 0,
`goal_score_percentage` decimal(21,9) not null default 0,
`remarks` text,
`total_score` decimal(21,9) not null default 0,
`avg_feedback_score` decimal(21,9) not null default 0,
`self_score` decimal(21,9) not null default 0,
`reflections` longtext,
`amended_from` varchar(140),
`_user_tags` text,
`_comments` text,
`_assign` text,
`_liked_by` text,
index `employee`(`employee`),
index modified(modified))
			ENGINE=InnoDB
			ROW_FORMAT=DYNAMIC
			CHARACTER SET=utf8mb4
			COLLATE=utf8mb4_unicode_ci
2025-11-21 19:24:27,791 WARNING database DDL Query made to DB:
create table `tabEmployee Tax Exemption Category` (
			name varchar(140) primary key,
			creation datetime(6),
			modified datetime(6),
			modified_by varchar(140),
			owner varchar(140),
			docstatus int(1) not null default '0',
			idx int(8) not null default '0',
			`max_amount` decimal(21,9) not null default 0,
`is_active` int(1) not null default 1,
`_user_tags` text,
`_comments` text,
`_assign` text,
`_liked_by` text,
index modified(modified))
			ENGINE=InnoDB
			ROW_FORMAT=DYNAMIC
			CHARACTER SET=utf8mb4
			COLLATE=utf8mb4_unicode_ci
2025-11-21 19:24:27,880 WARNING database DDL Query made to DB:
create table `tabSalary Slip Loan` (
			name varchar(140) primary key,
			creation datetime(6),
			modified datetime(6),
			modified_by varchar(140),
			owner varchar(140),
			docstatus int(1) not null default '0',
			idx int(8) not null default '0',
			`loan` varchar(140),
`loan_product` varchar(140),
`loan_account` varchar(140),
`interest_income_account` varchar(140),
`principal_amount` decimal(21,9) not null default 0,
`interest_amount` decimal(21,9) not null default 0,
`total_payment` decimal(21,9) not null default 0,
`loan_repayment_entry` varchar(140),
parent varchar(140),
parentfield varchar(140),
parenttype varchar(140),
index parent(parent))
			ENGINE=InnoDB
			ROW_FORMAT=DYNAMIC
			CHARACTER SET=utf8mb4
			COLLATE=utf8mb4_unicode_ci
2025-11-21 19:24:27,950 WARNING database DDL Query made to DB:
create table `tabGratuity Applicable Component` (
			name varchar(140) primary key,
			creation datetime(6),
			modified datetime(6),
			modified_by varchar(140),
			owner varchar(140),
			docstatus int(1) not null default '0',
			idx int(8) not null default '0',
			`salary_component` varchar(140),
parent varchar(140),
parentfield varchar(140),
parenttype varchar(140),
index parent(parent))
			ENGINE=InnoDB
			ROW_FORMAT=DYNAMIC
			CHARACTER SET=utf8mb4
			COLLATE=utf8mb4_unicode_ci
2025-11-21 19:24:28,049 WARNING database DDL Query made to DB:
create table `tabEmployee Benefit Ledger` (
			name varchar(140) primary key,
			creation datetime(6),
			modified datetime(6),
			modified_by varchar(140),
			owner varchar(140),
			docstatus int(1) not null default '0',
			idx int(8) not null default '0',
			`posting_date` date,
`employee` varchar(140),
`employee_name` varchar(140),
`salary_component` varchar(140),
`company` varchar(140),
`payroll_period` varchar(140),
`reference_doctype` varchar(140),
`reference_document` varchar(140),
`salary_slip` varchar(140),
`transaction_type` varchar(140),
`amount` decimal(21,9) not null default 0,
`flexible_benefit` int(1) not null default 0,
`yearly_benefit` decimal(21,9) not null default 0,
`remarks` varchar(140),
`_user_tags` text,
`_comments` text,
`_assign` text,
`_liked_by` text,
index `employee`(`employee`),
index `salary_component`(`salary_component`),
index `payroll_period`(`payroll_period`),
index modified(modified))
			ENGINE=InnoDB
			ROW_FORMAT=DYNAMIC
			CHARACTER SET=utf8mb4
			COLLATE=utf8mb4_unicode_ci
2025-11-21 19:24:28,156 WARNING database DDL Query made to DB:
create table `tabAdditional Salary` (
			name varchar(140) primary key,
			creation datetime(6),
			modified datetime(6),
			modified_by varchar(140),
			owner varchar(140),
			docstatus int(1) not null default '0',
			idx int(8) not null default '0',
			`naming_series` varchar(140),
`employee` varchar(140),
`employee_name` varchar(140),
`department` varchar(140),
`company` varchar(140),
`is_recurring` int(1) not null default 0,
`disabled` int(1) not null default 0,
`from_date` date,
`to_date` date,
`payroll_date` date,
`amended_from` varchar(140),
`salary_component` varchar(140),
`type` varchar(140),
`currency` varchar(140),
`amount` decimal(21,9) not null default 0,
`deduct_full_tax_on_selected_payroll_date` int(1) not null default 0,
`overwrite_salary_structure_amount` int(1) not null default 1,
`ref_doctype` varchar(140),
`ref_docname` varchar(140),
`_user_tags` text,
`_comments` text,
`_assign` text,
`_liked_by` text,
index `employee`(`employee`),
index `payroll_date`(`payroll_date`),
index `salary_component`(`salary_component`),
index modified(modified))
			ENGINE=InnoDB
			ROW_FORMAT=DYNAMIC
			CHARACTER SET=utf8mb4
			COLLATE=utf8mb4_unicode_ci
2025-11-21 19:24:28,241 WARNING database DDL Query made to DB:
create table `tabTaxable Salary Slab` (
			name varchar(140) primary key,
			creation datetime(6),
			modified datetime(6),
			modified_by varchar(140),
			owner varchar(140),
			docstatus int(1) not null default '0',
			idx int(8) not null default '0',
			`from_amount` decimal(21,9) not null default 0,
`to_amount` decimal(21,9) not null default 0,
`percent_deduction` decimal(21,9) not null default 0,
`condition` longtext,
parent varchar(140),
parentfield varchar(140),
parenttype varchar(140),
index parent(parent))
			ENGINE=InnoDB
			ROW_FORMAT=DYNAMIC
			CHARACTER SET=utf8mb4
			COLLATE=utf8mb4_unicode_ci
2025-11-21 19:24:28,310 WARNING database DDL Query made to DB:
create table `tabSalary Withholding Cycle` (
			name varchar(140) primary key,
			creation datetime(6),
			modified datetime(6),
			modified_by varchar(140),
			owner varchar(140),
			docstatus int(1) not null default '0',
			idx int(8) not null default '0',
			`from_date` date,
`to_date` date,
`is_salary_released` int(1) not null default 0,
`journal_entry` varchar(140),
parent varchar(140),
parentfield varchar(140),
parenttype varchar(140),
index parent(parent))
			ENGINE=InnoDB
			ROW_FORMAT=DYNAMIC
			CHARACTER SET=utf8mb4
			COLLATE=utf8mb4_unicode_ci
2025-11-21 19:24:28,388 WARNING database DDL Query made to DB:
create table `tabGratuity Rule` (
			name varchar(140) primary key,
			creation datetime(6),
			modified datetime(6),
			modified_by varchar(140),
			owner varchar(140),
			docstatus int(1) not null default '0',
			idx int(8) not null default '0',
			`disable` int(1) not null default 0,
`calculate_gratuity_amount_based_on` varchar(140),
`total_working_days_per_year` decimal(21,9) not null default 365.0,
`work_experience_calculation_function` varchar(140) default 'Round off Work Experience',
`minimum_year_for_gratuity` int(11) not null default 0,
`_user_tags` text,
`_comments` text,
`_assign` text,
`_liked_by` text,
index modified(modified))
			ENGINE=InnoDB
			ROW_FORMAT=DYNAMIC
			CHARACTER SET=utf8mb4
			COLLATE=utf8mb4_unicode_ci
2025-11-21 19:24:28,471 WARNING database DDL Query made to DB:
create table `tabPayroll Correction Child` (
			name varchar(140) primary key,
			creation datetime(6),
			modified datetime(6),
			modified_by varchar(140),
			owner varchar(140),
			docstatus int(1) not null default '0',
			idx int(8) not null default '0',
			`salary_component` varchar(140),
`amount` decimal(21,9) not null default 0,
parent varchar(140),
parentfield varchar(140),
parenttype varchar(140),
index parent(parent))
			ENGINE=InnoDB
			ROW_FORMAT=DYNAMIC
			CHARACTER SET=utf8mb4
			COLLATE=utf8mb4_unicode_ci
2025-11-21 19:24:28,554 WARNING database DDL Query made to DB:
create table `tabEmployee Tax Exemption Declaration` (
			name varchar(140) primary key,
			creation datetime(6),
			modified datetime(6),
			modified_by varchar(140),
			owner varchar(140),
			docstatus int(1) not null default '0',
			idx int(8) not null default '0',
			`employee` varchar(140),
`employee_name` varchar(140),
`department` varchar(140),
`company` varchar(140),
`payroll_period` varchar(140),
`currency` varchar(140),
`amended_from` varchar(140),
`total_declared_amount` decimal(21,9) not null default 0,
`total_exemption_amount` decimal(21,9) not null default 0,
`_user_tags` text,
`_comments` text,
`_assign` text,
`_liked_by` text,
index modified(modified))
			ENGINE=InnoDB
			ROW_FORMAT=DYNAMIC
			CHARACTER SET=utf8mb4
			COLLATE=utf8mb4_unicode_ci
2025-11-21 19:24:28,719 WARNING database DDL Query made to DB:
create table `tabEmployee Tax Exemption Proof Submission` (
			name varchar(140) primary key,
			creation datetime(6),
			modified datetime(6),
			modified_by varchar(140),
			owner varchar(140),
			docstatus int(1) not null default '0',
			idx int(8) not null default '0',
			`employee` varchar(140),
`employee_name` varchar(140),
`department` varchar(140),
`currency` varchar(140),
`amended_from` varchar(140),
`submission_date` date,
`payroll_period` varchar(140),
`company` varchar(140),
`total_actual_amount` decimal(21,9) not null default 0,
`exemption_amount` decimal(21,9) not null default 0,
`attachments` text,
`_user_tags` text,
`_comments` text,
`_assign` text,
`_liked_by` text,
index modified(modified))
			ENGINE=InnoDB
			ROW_FORMAT=DYNAMIC
			CHARACTER SET=utf8mb4
			COLLATE=utf8mb4_unicode_ci
2025-11-21 19:24:28,819 WARNING database DDL Query made to DB:
create table `tabGratuity` (
			name varchar(140) primary key,
			creation datetime(6),
			modified datetime(6),
			modified_by varchar(140),
			owner varchar(140),
			docstatus int(1) not null default '0',
			idx int(8) not null default '0',
			`employee` varchar(140),
`employee_name` varchar(140),
`department` varchar(140),
`designation` varchar(140),
`current_work_experience` decimal(21,9) not null default 0,
`posting_date` date,
`gratuity_rule` varchar(140),
`status` varchar(140) default 'Draft',
`company` varchar(140),
`amended_from` varchar(140),
`pay_via_salary_slip` int(1) not null default 1,
`amount` decimal(21,9) not null default 0,
`paid_amount` decimal(21,9) not null default 0,
`payroll_date` date,
`salary_component` varchar(140),
`cost_center` varchar(140),
`mode_of_payment` varchar(140),
`expense_account` varchar(140),
`payable_account` varchar(140),
`_user_tags` text,
`_comments` text,
`_assign` text,
`_liked_by` text,
index `employee`(`employee`),
index modified(modified))
			ENGINE=InnoDB
			ROW_FORMAT=DYNAMIC
			CHARACTER SET=utf8mb4
			COLLATE=utf8mb4_unicode_ci
2025-11-21 19:24:28,932 WARNING database DDL Query made to DB:
create table `tabSalary Structure` (
			name varchar(140) primary key,
			creation datetime(6),
			modified datetime(6),
			modified_by varchar(140),
			owner varchar(140),
			docstatus int(1) not null default '0',
			idx int(8) not null default '0',
			`company` varchar(140),
`letter_head` varchar(140),
`is_active` varchar(140) default 'Yes',
`is_default` varchar(140) default 'No',
`currency` varchar(140),
`amended_from` varchar(140),
`leave_encashment_amount_per_day` decimal(21,9) not null default 0,
`max_benefits` decimal(21,9) not null default 0,
`salary_slip_based_on_timesheet` int(1) not null default 0,
`payroll_frequency` varchar(140) default 'Monthly',
`salary_component` varchar(140),
`hour_rate` decimal(21,9) not null default 0,
`total_earning` decimal(21,9) not null default 0,
`total_deduction` decimal(21,9) not null default 0,
`net_pay` decimal(21,9) not null default 0,
`mode_of_payment` varchar(140),
`payment_account` varchar(140),
`_user_tags` text,
`_comments` text,
`_assign` text,
`_liked_by` text,
index `company`(`company`),
index `currency`(`currency`),
index `salary_slip_based_on_timesheet`(`salary_slip_based_on_timesheet`),
index `payroll_frequency`(`payroll_frequency`),
index modified(modified))
			ENGINE=InnoDB
			ROW_FORMAT=DYNAMIC
			CHARACTER SET=utf8mb4
			COLLATE=utf8mb4_unicode_ci
2025-11-21 19:24:29,025 WARNING database DDL Query made to DB:
create table `tabEmployee Benefit Claim` (
			name varchar(140) primary key,
			creation datetime(6),
			modified datetime(6),
			modified_by varchar(140),
			owner varchar(140),
			docstatus int(1) not null default '0',
			idx int(8) not null default '0',
			`employee` varchar(140),
`employee_name` varchar(140),
`department` varchar(140),
`payroll_date` date,
`currency` varchar(140),
`company` varchar(140),
`amended_from` varchar(140),
`earning_component` varchar(140),
`yearly_benefit` decimal(21,9) not null default 0,
`claimed_amount` decimal(21,9) not null default 0,
`max_amount_eligible` decimal(21,9) not null default 0,
`attachments` text,
`_user_tags` text,
`_comments` text,
`_assign` text,
`_liked_by` text,
index modified(modified))
			ENGINE=InnoDB
			ROW_FORMAT=DYNAMIC
			CHARACTER SET=utf8mb4
			COLLATE=utf8mb4_unicode_ci
2025-11-21 19:24:29,147 WARNING database DDL Query made to DB:
create table `tabEmployee Other Income` (
			name varchar(140) primary key,
			creation datetime(6),
			modified datetime(6),
			modified_by varchar(140),
			owner varchar(140),
			docstatus int(1) not null default '0',
			idx int(8) not null default '0',
			`employee` varchar(140),
`employee_name` varchar(140),
`amended_from` varchar(140),
`company` varchar(140),
`payroll_period` varchar(140),
`source` varchar(140),
`amount` decimal(21,9) not null default 0,
`_user_tags` text,
`_comments` text,
`_assign` text,
`_liked_by` text,
index `employee`(`employee`),
index `company`(`company`),
index `payroll_period`(`payroll_period`),
index modified(modified))
			ENGINE=InnoDB
			ROW_FORMAT=DYNAMIC
			CHARACTER SET=utf8mb4
			COLLATE=utf8mb4_unicode_ci
2025-11-21 19:24:29,226 WARNING database DDL Query made to DB:
create table `tabIncome Tax Slab Other Charges` (
			name varchar(140) primary key,
			creation datetime(6),
			modified datetime(6),
			modified_by varchar(140),
			owner varchar(140),
			docstatus int(1) not null default '0',
			idx int(8) not null default '0',
			`description` varchar(140),
`percent` decimal(21,9) not null default 0,
`min_taxable_income` decimal(21,9) not null default 0,
`max_taxable_income` decimal(21,9) not null default 0,
parent varchar(140),
parentfield varchar(140),
parenttype varchar(140),
index parent(parent))
			ENGINE=InnoDB
			ROW_FORMAT=DYNAMIC
			CHARACTER SET=utf8mb4
			COLLATE=utf8mb4_unicode_ci
2025-11-21 19:24:29,334 WARNING database DDL Query made to DB:
create table `tabSalary Detail` (
			name varchar(140) primary key,
			creation datetime(6),
			modified datetime(6),
			modified_by varchar(140),
			owner varchar(140),
			docstatus int(1) not null default '0',
			idx int(8) not null default '0',
			`salary_component` varchar(140),
`abbr` varchar(140),
`amount` decimal(21,9) not null default 0,
`year_to_date` decimal(21,9) not null default 0,
`additional_salary` varchar(140),
`is_recurring_additional_salary` int(1) not null default 0,
`statistical_component` int(1) not null default 0,
`depends_on_payment_days` int(1) not null default 0,
`exempted_from_income_tax` int(1) not null default 0,
`is_tax_applicable` int(1) not null default 0,
`is_flexible_benefit` int(1) not null default 0,
`variable_based_on_taxable_salary` int(1) not null default 0,
`do_not_include_in_total` int(1) not null default 0,
`do_not_include_in_accounts` int(1) not null default 0,
`accrual_component` int(1) not null default 0,
`deduct_full_tax_on_selected_payroll_date` int(1) not null default 0,
`condition` longtext,
`amount_based_on_formula` int(1) not null default 0,
`formula` longtext,
`default_amount` decimal(21,9) not null default 0,
`additional_amount` decimal(21,9) not null default 0,
`tax_on_flexible_benefit` decimal(21,9) not null default 0,
`tax_on_additional_salary` decimal(21,9) not null default 0,
index `salary_component`(`salary_component`),
index `exempted_from_income_tax`(`exempted_from_income_tax`),
index `is_tax_applicable`(`is_tax_applicable`),
index `variable_based_on_taxable_salary`(`variable_based_on_taxable_salary`),
parent varchar(140),
parentfield varchar(140),
parenttype varchar(140),
index parent(parent))
			ENGINE=InnoDB
			ROW_FORMAT=DYNAMIC
			CHARACTER SET=utf8mb4
			COLLATE=utf8mb4_unicode_ci
2025-11-21 19:24:29,430 WARNING database DDL Query made to DB:
create table `tabSalary Withholding` (
			name varchar(140) primary key,
			creation datetime(6),
			modified datetime(6),
			modified_by varchar(140),
			owner varchar(140),
			docstatus int(1) not null default '0',
			idx int(8) not null default '0',
			`employee` varchar(140),
`employee_name` varchar(140),
`company` varchar(140),
`posting_date` date,
`payroll_frequency` varchar(140),
`number_of_withholding_cycles` int(11) not null default 0,
`status` varchar(140) default 'Draft',
`from_date` date,
`to_date` date,
`date_of_joining` date,
`relieving_date` date,
`reason_for_withholding_salary` text,
`amended_from` varchar(140),
`_user_tags` text,
`_comments` text,
`_assign` text,
`_liked_by` text,
index `employee`(`employee`),
index `amended_from`(`amended_from`),
index modified(modified))
			ENGINE=InnoDB
			ROW_FORMAT=DYNAMIC
			CHARACTER SET=utf8mb4
			COLLATE=utf8mb4_unicode_ci
2025-11-21 19:24:29,506 WARNING database DDL Query made to DB:
create table `tabSalary Slip Timesheet` (
			name varchar(140) primary key,
			creation datetime(6),
			modified datetime(6),
			modified_by varchar(140),
			owner varchar(140),
			docstatus int(1) not null default '0',
			idx int(8) not null default '0',
			`time_sheet` varchar(140),
`working_hours` decimal(21,9) not null default 0,
parent varchar(140),
parentfield varchar(140),
parenttype varchar(140),
index parent(parent))
			ENGINE=InnoDB
			ROW_FORMAT=DYNAMIC
			CHARACTER SET=utf8mb4
			COLLATE=utf8mb4_unicode_ci
2025-11-21 19:24:29,640 WARNING database DDL Query made to DB:
create table `tabEmployee Tax Exemption Sub Category` (
			name varchar(140) primary key,
			creation datetime(6),
			modified datetime(6),
			modified_by varchar(140),
			owner varchar(140),
			docstatus int(1) not null default '0',
			idx int(8) not null default '0',
			`exemption_category` varchar(140),
`max_amount` decimal(21,9) not null default 0,
`is_active` int(1) not null default 1,
`_user_tags` text,
`_comments` text,
`_assign` text,
`_liked_by` text,
index modified(modified))
			ENGINE=InnoDB
			ROW_FORMAT=DYNAMIC
			CHARACTER SET=utf8mb4
			COLLATE=utf8mb4_unicode_ci
2025-11-21 19:24:29,815 WARNING database DDL Query made to DB:
create table `tabSalary Slip` (
			name varchar(140) primary key,
			creation datetime(6),
			modified datetime(6),
			modified_by varchar(140),
			owner varchar(140),
			docstatus int(1) not null default '0',
			idx int(8) not null default '0',
			`employee` varchar(140),
`employee_name` varchar(140),
`company` varchar(140),
`department` varchar(140),
`designation` varchar(140),
`branch` varchar(140),
`posting_date` date,
`letter_head` varchar(140),
`status` varchar(140),
`salary_withholding` varchar(140),
`salary_withholding_cycle` varchar(140),
`currency` varchar(140),
`exchange_rate` decimal(21,9) not null default 1.0,
`payroll_frequency` varchar(140),
`start_date` date,
`end_date` date,
`salary_structure` varchar(140),
`payroll_entry` varchar(140),
`current_payroll_period` varchar(140),
`mode_of_payment` varchar(140),
`salary_slip_based_on_timesheet` int(1) not null default 0,
`deduct_tax_for_unsubmitted_tax_exemption_proof` int(1) not null default 0,
`total_working_days` decimal(21,9) not null default 0,
`unmarked_days` decimal(21,9) not null default 0,
`leave_without_pay` decimal(21,9) not null default 0,
`absent_days` decimal(21,9) not null default 0,
`payment_days` decimal(21,9) not null default 0,
`total_working_hours` decimal(21,9) not null default 0,
`hour_rate` decimal(21,9) not null default 0,
`base_hour_rate` decimal(21,9) not null default 0,
`gross_pay` decimal(21,9) not null default 0,
`base_gross_pay` decimal(21,9) not null default 0,
`gross_year_to_date` decimal(21,9) not null default 0,
`base_gross_year_to_date` decimal(21,9) not null default 0,
`total_deduction` decimal(21,9) not null default 0,
`base_total_deduction` decimal(21,9) not null default 0,
`net_pay` decimal(21,9) not null default 0,
`base_net_pay` decimal(21,9) not null default 0,
`rounded_total` decimal(21,9) not null default 0,
`base_rounded_total` decimal(21,9) not null default 0,
`year_to_date` decimal(21,9) not null default 0,
`base_year_to_date` decimal(21,9) not null default 0,
`month_to_date` decimal(21,9) not null default 0,
`base_month_to_date` decimal(21,9) not null default 0,
`total_in_words` varchar(240),
`base_total_in_words` varchar(240),
`ctc` decimal(21,9) not null default 0,
`income_from_other_sources` decimal(21,9) not null default 0,
`total_earnings` decimal(21,9) not null default 0,
`non_taxable_earnings` decimal(21,9) not null default 0,
`standard_tax_exemption_amount` decimal(21,9) not null default 0,
`tax_exemption_declaration` decimal(21,9) not null default 0,
`deductions_before_tax_calculation` decimal(21,9) not null default 0,
`annual_taxable_amount` decimal(21,9) not null default 0,
`income_tax_deducted_till_date` decimal(21,9) not null default 0,
`current_month_income_tax` decimal(21,9) not null default 0,
`future_income_tax_deductions` decimal(21,9) not null default 0,
`total_income_tax` decimal(21,9) not null default 0,
`journal_entry` varchar(140),
`amended_from` varchar(140),
`bank_name` varchar(140),
`bank_account_no` varchar(140),
`_user_tags` text,
`_comments` text,
`_assign` text,
`_liked_by` text,
index `employee`(`employee`),
index `start_date`(`start_date`),
index `end_date`(`end_date`),
index `salary_structure`(`salary_structure`),
index `payroll_entry`(`payroll_entry`),
index `current_payroll_period`(`current_payroll_period`),
index modified(modified))
			ENGINE=InnoDB
			ROW_FORMAT=DYNAMIC
			CHARACTER SET=utf8mb4
			COLLATE=utf8mb4_unicode_ci
2025-11-21 19:24:29,881 WARNING database DDL Query made to DB:
ALTER TABLE `tabSalary Slip`
				ADD INDEX IF NOT EXISTS `employee_start_date_end_date_index`(employee, start_date, end_date)
2025-11-21 19:24:29,932 WARNING database DDL Query made to DB:
create table `tabEmployee Tax Exemption Declaration Category` (
			name varchar(140) primary key,
			creation datetime(6),
			modified datetime(6),
			modified_by varchar(140),
			owner varchar(140),
			docstatus int(1) not null default '0',
			idx int(8) not null default '0',
			`exemption_sub_category` varchar(140),
`exemption_category` varchar(140),
`max_amount` decimal(21,9) not null default 0,
`amount` decimal(21,9) not null default 0,
parent varchar(140),
parentfield varchar(140),
parenttype varchar(140),
index parent(parent))
			ENGINE=InnoDB
			ROW_FORMAT=DYNAMIC
			CHARACTER SET=utf8mb4
			COLLATE=utf8mb4_unicode_ci
2025-11-21 19:24:30,008 WARNING database DDL Query made to DB:
create table `tabGratuity Rule Slab` (
			name varchar(140) primary key,
			creation datetime(6),
			modified datetime(6),
			modified_by varchar(140),
			owner varchar(140),
			docstatus int(1) not null default '0',
			idx int(8) not null default '0',
			`from_year` int(11) not null default 0,
`to_year` int(11) not null default 0,
`fraction_of_applicable_earnings` decimal(21,9) not null default 0,
parent varchar(140),
parentfield varchar(140),
parenttype varchar(140),
index parent(parent))
			ENGINE=InnoDB
			ROW_FORMAT=DYNAMIC
			CHARACTER SET=utf8mb4
			COLLATE=utf8mb4_unicode_ci
2025-11-21 19:24:30,082 WARNING database DDL Query made to DB:
create table `tabPayroll Employee Detail` (
			name varchar(140) primary key,
			creation datetime(6),
			modified datetime(6),
			modified_by varchar(140),
			owner varchar(140),
			docstatus int(1) not null default '0',
			idx int(8) not null default '0',
			`employee` varchar(140),
`employee_name` varchar(140),
`department` varchar(140),
`designation` varchar(140),
`is_salary_withheld` int(1) not null default 0,
parent varchar(140),
parentfield varchar(140),
parenttype varchar(140),
index parent(parent))
			ENGINE=InnoDB
			ROW_FORMAT=DYNAMIC
			CHARACTER SET=utf8mb4
			COLLATE=utf8mb4_unicode_ci
2025-11-21 19:24:30,148 WARNING database DDL Query made to DB:
create table `tabPayroll Period Date` (
			name varchar(140) primary key,
			creation datetime(6),
			modified datetime(6),
			modified_by varchar(140),
			owner varchar(140),
			docstatus int(1) not null default '0',
			idx int(8) not null default '0',
			`start_date` date,
`end_date` date,
parent varchar(140),
parentfield varchar(140),
parenttype varchar(140),
index parent(parent))
			ENGINE=InnoDB
			ROW_FORMAT=DYNAMIC
			CHARACTER SET=utf8mb4
			COLLATE=utf8mb4_unicode_ci
2025-11-21 19:24:30,218 WARNING database DDL Query made to DB:
create table `tabEmployee Benefit Detail` (
			name varchar(140) primary key,
			creation datetime(6),
			modified datetime(6),
			modified_by varchar(140),
			owner varchar(140),
			docstatus int(1) not null default '0',
			idx int(8) not null default '0',
			`salary_component` varchar(140),
`amount` decimal(21,9) not null default 0,
parent varchar(140),
parentfield varchar(140),
parenttype varchar(140),
index parent(parent))
			ENGINE=InnoDB
			ROW_FORMAT=DYNAMIC
			CHARACTER SET=utf8mb4
			COLLATE=utf8mb4_unicode_ci
2025-11-21 19:24:30,307 WARNING database DDL Query made to DB:
create table `tabRetention Bonus` (
			name varchar(140) primary key,
			creation datetime(6),
			modified datetime(6),
			modified_by varchar(140),
			owner varchar(140),
			docstatus int(1) not null default '0',
			idx int(8) not null default '0',
			`employee` varchar(140),
`employee_name` varchar(140),
`department` varchar(140),
`company` varchar(140),
`date_of_joining` varchar(140),
`salary_component` varchar(140),
`bonus_amount` decimal(21,9) not null default 0,
`bonus_payment_date` date,
`currency` varchar(140),
`amended_from` varchar(140),
`_user_tags` text,
`_comments` text,
`_assign` text,
`_liked_by` text,
index modified(modified))
			ENGINE=InnoDB
			ROW_FORMAT=DYNAMIC
			CHARACTER SET=utf8mb4
			COLLATE=utf8mb4_unicode_ci
2025-11-21 19:24:30,388 WARNING database DDL Query made to DB:
create table `tabEmployee Tax Exemption Proof Submission Detail` (
			name varchar(140) primary key,
			creation datetime(6),
			modified datetime(6),
			modified_by varchar(140),
			owner varchar(140),
			docstatus int(1) not null default '0',
			idx int(8) not null default '0',
			`exemption_sub_category` varchar(140),
`exemption_category` varchar(140),
`max_amount` decimal(21,9) not null default 0,
`amount` decimal(21,9) not null default 0,
`type_of_proof` varchar(140),
`attach_proof` text,
parent varchar(140),
parentfield varchar(140),
parenttype varchar(140),
index parent(parent))
			ENGINE=InnoDB
			ROW_FORMAT=DYNAMIC
			CHARACTER SET=utf8mb4
			COLLATE=utf8mb4_unicode_ci
2025-11-21 19:24:30,455 WARNING database DDL Query made to DB:
create table `tabPayroll Period` (
			name varchar(140) primary key,
			creation datetime(6),
			modified datetime(6),
			modified_by varchar(140),
			owner varchar(140),
			docstatus int(1) not null default '0',
			idx int(8) not null default '0',
			`company` varchar(140),
`start_date` date,
`end_date` date,
`_user_tags` text,
`_comments` text,
`_assign` text,
`_liked_by` text,
index modified(modified))
			ENGINE=InnoDB
			ROW_FORMAT=DYNAMIC
			CHARACTER SET=utf8mb4
			COLLATE=utf8mb4_unicode_ci
2025-11-21 19:24:30,549 WARNING database DDL Query made to DB:
create table `tabArrear` (
			name varchar(140) primary key,
			creation datetime(6),
			modified datetime(6),
			modified_by varchar(140),
			owner varchar(140),
			docstatus int(1) not null default '0',
			idx int(8) not null default '0',
			`employee` varchar(140),
`employee_name` varchar(140),
`salary_structure` varchar(140),
`arrear_start_date` date,
`company` varchar(140),
`currency` varchar(140),
`payroll_period` varchar(140),
`payroll_date` date,
`amended_from` varchar(140),
`_user_tags` text,
`_comments` text,
`_assign` text,
`_liked_by` text,
index `amended_from`(`amended_from`),
index modified(modified))
			ENGINE=InnoDB
			ROW_FORMAT=DYNAMIC
			CHARACTER SET=utf8mb4
			COLLATE=utf8mb4_unicode_ci
2025-11-21 19:24:30,652 WARNING database DDL Query made to DB:
create table `tabSalary Component` (
			name varchar(140) primary key,
			creation datetime(6),
			modified datetime(6),
			modified_by varchar(140),
			owner varchar(140),
			docstatus int(1) not null default '0',
			idx int(8) not null default '0',
			`salary_component` varchar(140) unique,
`salary_component_abbr` varchar(140),
`type` varchar(140),
`description` text,
`depends_on_payment_days` int(1) not null default 1,
`is_tax_applicable` int(1) not null default 1,
`deduct_full_tax_on_selected_payroll_date` int(1) not null default 0,
`variable_based_on_taxable_salary` int(1) not null default 0,
`is_income_tax_component` int(1) not null default 0,
`exempted_from_income_tax` int(1) not null default 0,
`round_to_the_nearest_integer` int(1) not null default 0,
`statistical_component` int(1) not null default 0,
`accrual_component` int(1) not null default 0,
`do_not_include_in_total` int(1) not null default 0,
`do_not_include_in_accounts` int(1) not null default 0,
`remove_if_zero_valued` int(1) not null default 1,
`arrear_component` int(1) not null default 0,
`disabled` int(1) not null default 0,
`condition` longtext,
`amount` decimal(21,9) not null default 0,
`amount_based_on_formula` int(1) not null default 0,
`formula` longtext,
`is_flexible_benefit` int(1) not null default 0,
`payout_method` varchar(140),
`final_cycle_accrual_payout` int(1) not null default 0,
`max_benefit_amount` decimal(21,9) not null default 0,
`_user_tags` text,
`_comments` text,
`_assign` text,
`_liked_by` text,
index `variable_based_on_taxable_salary`(`variable_based_on_taxable_salary`),
index modified(modified))
			ENGINE=InnoDB
			ROW_FORMAT=DYNAMIC
			CHARACTER SET=utf8mb4
			COLLATE=utf8mb4_unicode_ci
2025-11-21 19:24:30,725 WARNING database DDL Query made to DB:
create table `tabSalary Slip Leave` (
			name varchar(140) primary key,
			creation datetime(6),
			modified datetime(6),
			modified_by varchar(140),
			owner varchar(140),
			docstatus int(1) not null default '0',
			idx int(8) not null default '0',
			`leave_type` varchar(140),
`total_allocated_leaves` decimal(21,9) not null default 0,
`expired_leaves` decimal(21,9) not null default 0,
`used_leaves` decimal(21,9) not null default 0,
`pending_leaves` decimal(21,9) not null default 0,
`available_leaves` decimal(21,9) not null default 0,
parent varchar(140),
parentfield varchar(140),
parenttype varchar(140),
index parent(parent))
			ENGINE=InnoDB
			ROW_FORMAT=DYNAMIC
			CHARACTER SET=utf8mb4
			COLLATE=utf8mb4_unicode_ci
2025-11-21 19:24:30,821 WARNING database DDL Query made to DB:
create table `tabSalary Structure Assignment` (
			name varchar(140) primary key,
			creation datetime(6),
			modified datetime(6),
			modified_by varchar(140),
			owner varchar(140),
			docstatus int(1) not null default '0',
			idx int(8) not null default '0',
			`employee` varchar(140),
`employee_name` varchar(140),
`department` varchar(140),
`designation` varchar(140),
`grade` varchar(140),
`salary_structure` varchar(140),
`from_date` date,
`income_tax_slab` varchar(140),
`company` varchar(140),
`payroll_payable_account` varchar(140),
`currency` varchar(140),
`base` decimal(21,9) not null default 0,
`variable` decimal(21,9) not null default 0,
`amended_from` varchar(140),
`taxable_earnings_till_date` decimal(21,9) not null default 0,
`tax_deducted_till_date` decimal(21,9) not null default 0,
`max_benefits` decimal(21,9) not null default 0,
`_user_tags` text,
`_comments` text,
`_assign` text,
`_liked_by` text,
index `employee`(`employee`),
index `salary_structure`(`salary_structure`),
index modified(modified))
			ENGINE=InnoDB
			ROW_FORMAT=DYNAMIC
			CHARACTER SET=utf8mb4
			COLLATE=utf8mb4_unicode_ci
2025-11-21 19:24:30,912 WARNING database DDL Query made to DB:
create table `tabPayroll Correction` (
			name varchar(140) primary key,
			creation datetime(6),
			modified datetime(6),
			modified_by varchar(140),
			owner varchar(140),
			docstatus int(1) not null default '0',
			idx int(8) not null default '0',
			`amended_from` varchar(140),
`employee` varchar(140),
`employee_name` varchar(140),
`payroll_date` date,
`company` varchar(140),
`payroll_period` varchar(140),
`currency` varchar(140),
`month_for_lwp_reversal` varchar(140),
`working_days` decimal(21,9) not null default 0,
`payment_days` decimal(21,9) not null default 0,
`lwp_days` decimal(21,9) not null default 0,
`salary_slip_reference` varchar(140),
`days_to_reverse` decimal(21,9) not null default 0,
`_user_tags` text,
`_comments` text,
`_assign` text,
`_liked_by` text,
index `amended_from`(`amended_from`),
index modified(modified))
			ENGINE=InnoDB
			ROW_FORMAT=DYNAMIC
			CHARACTER SET=utf8mb4
			COLLATE=utf8mb4_unicode_ci
2025-11-21 19:24:30,994 WARNING database DDL Query made to DB:
create table `tabEmployee Benefit Application Detail` (
			name varchar(140) primary key,
			creation datetime(6),
			modified datetime(6),
			modified_by varchar(140),
			owner varchar(140),
			docstatus int(1) not null default '0',
			idx int(8) not null default '0',
			`salary_component` varchar(140),
`max_benefit_amount` decimal(21,9) not null default 0,
`amount` decimal(21,9) not null default 0,
parent varchar(140),
parentfield varchar(140),
parenttype varchar(140),
index parent(parent))
			ENGINE=InnoDB
			ROW_FORMAT=DYNAMIC
			CHARACTER SET=utf8mb4
			COLLATE=utf8mb4_unicode_ci
2025-11-21 19:24:31,100 WARNING database DDL Query made to DB:
create table `tabIncome Tax Slab` (
			name varchar(140) primary key,
			creation datetime(6),
			modified datetime(6),
			modified_by varchar(140),
			owner varchar(140),
			docstatus int(1) not null default '0',
			idx int(8) not null default '0',
			`disabled` int(1) not null default 0,
`effective_from` date,
`company` varchar(140),
`currency` varchar(140),
`standard_tax_exemption_amount` decimal(21,9) not null default 0,
`allow_tax_exemption` int(1) not null default 0,
`amended_from` varchar(140),
`tax_relief_limit` decimal(21,9) not null default 0,
`_user_tags` text,
`_comments` text,
`_assign` text,
`_liked_by` text,
index modified(modified))
			ENGINE=InnoDB
			ROW_FORMAT=DYNAMIC
			CHARACTER SET=utf8mb4
			COLLATE=utf8mb4_unicode_ci
2025-11-21 19:24:31,191 WARNING database DDL Query made to DB:
create table `tabEmployee Benefit Application` (
			name varchar(140) primary key,
			creation datetime(6),
			modified datetime(6),
			modified_by varchar(140),
			owner varchar(140),
			docstatus int(1) not null default '0',
			idx int(8) not null default '0',
			`employee` varchar(140),
`employee_name` varchar(140),
`department` varchar(140),
`date` date,
`payroll_period` varchar(140),
`company` varchar(140),
`amended_from` varchar(140),
`currency` varchar(140),
`max_benefits` decimal(21,9) not null default 0,
`remaining_benefit` decimal(21,9) not null default 0,
`total_amount` decimal(21,9) not null default 0,
`_user_tags` text,
`_comments` text,
`_assign` text,
`_liked_by` text,
index modified(modified))
			ENGINE=InnoDB
			ROW_FORMAT=DYNAMIC
			CHARACTER SET=utf8mb4
			COLLATE=utf8mb4_unicode_ci
2025-11-21 19:24:31,298 WARNING database DDL Query made to DB:
create table `tabPayroll Entry` (
			name varchar(140) primary key,
			creation datetime(6),
			modified datetime(6),
			modified_by varchar(140),
			owner varchar(140),
			docstatus int(1) not null default '0',
			idx int(8) not null default '0',
			`posting_date` date,
`company` varchar(140),
`currency` varchar(140),
`exchange_rate` decimal(21,9) not null default 0,
`payroll_payable_account` varchar(140),
`status` varchar(140),
`salary_slip_based_on_timesheet` int(1) not null default 0,
`payroll_frequency` varchar(140),
`start_date` date,
`end_date` date,
`deduct_tax_for_unsubmitted_tax_exemption_proof` int(1) not null default 0,
`branch` varchar(140),
`department` varchar(140),
`designation` varchar(140),
`grade` varchar(140),
`number_of_employees` int(11) not null default 0,
`validate_attendance` int(1) not null default 0,
`cost_center` varchar(140),
`project` varchar(140),
`payment_account` varchar(140),
`bank_account` varchar(140),
`salary_slips_created` int(1) not null default 0,
`salary_slips_submitted` int(1) not null default 0,
`overtime_step` varchar(140),
`error_message` text,
`amended_from` varchar(140),
`_user_tags` text,
`_comments` text,
`_assign` text,
`_liked_by` text,
index modified(modified))
			ENGINE=InnoDB
			ROW_FORMAT=DYNAMIC
			CHARACTER SET=utf8mb4
			COLLATE=utf8mb4_unicode_ci
2025-11-21 19:24:31,372 WARNING database DDL Query made to DB:
create table `tabEmployee Incentive` (
			name varchar(140) primary key,
			creation datetime(6),
			modified datetime(6),
			modified_by varchar(140),
			owner varchar(140),
			docstatus int(1) not null default '0',
			idx int(8) not null default '0',
			`employee` varchar(140),
`employee_name` varchar(140),
`amended_from` varchar(140),
`company` varchar(140),
`department` varchar(140),
`salary_component` varchar(140),
`currency` varchar(140),
`payroll_date` date,
`incentive_amount` decimal(21,9) not null default 0,
`_user_tags` text,
`_comments` text,
`_assign` text,
`_liked_by` text,
index modified(modified))
			ENGINE=InnoDB
			ROW_FORMAT=DYNAMIC
			CHARACTER SET=utf8mb4
			COLLATE=utf8mb4_unicode_ci
2025-11-21 19:24:31,445 WARNING database DDL Query made to DB:
create table `tabSalary Component Account` (
			name varchar(140) primary key,
			creation datetime(6),
			modified datetime(6),
			modified_by varchar(140),
			owner varchar(140),
			docstatus int(1) not null default '0',
			idx int(8) not null default '0',
			`company` varchar(140),
`account` varchar(140),
parent varchar(140),
parentfield varchar(140),
parenttype varchar(140),
index parent(parent))
			ENGINE=InnoDB
			ROW_FORMAT=DYNAMIC
			CHARACTER SET=utf8mb4
			COLLATE=utf8mb4_unicode_ci
2025-11-21 19:24:31,505 WARNING database DDL Query made to DB:
create table `tabEmployee Cost Center` (
			name varchar(140) primary key,
			creation datetime(6),
			modified datetime(6),
			modified_by varchar(140),
			owner varchar(140),
			docstatus int(1) not null default '0',
			idx int(8) not null default '0',
			`cost_center` varchar(140),
`percentage` int(11) not null default 0,
parent varchar(140),
parentfield varchar(140),
parenttype varchar(140),
index parent(parent))
			ENGINE=InnoDB
			ROW_FORMAT=DYNAMIC
			CHARACTER SET=utf8mb4
			COLLATE=utf8mb4_unicode_ci
2025-11-21 19:24:32,597 WARNING database DDL Query made to DB:
ALTER TABLE `tabTask` ADD COLUMN `total_expense_claim` decimal(21,9) not null default 0
2025-11-21 19:24:32,620 WARNING database DDL Query made to DB:
ALTER TABLE `tabTask` MODIFY `total_billing_amount` decimal(21,9) not null default 0, MODIFY `total_costing_amount` decimal(21,9) not null default 0, MODIFY `actual_time` decimal(21,9) not null default 0, MODIFY `progress` decimal(21,9) not null default 0, MODIFY `task_weight` decimal(21,9) not null default 0
2025-11-21 19:24:32,669 WARNING database DDL Query made to DB:
ALTER TABLE `tabProject` ADD COLUMN `total_expense_claim` decimal(21,9) not null default 0
2025-11-21 19:24:32,689 WARNING database DDL Query made to DB:
ALTER TABLE `tabProject` MODIFY `total_consumed_material_cost` decimal(21,9) not null default 0, MODIFY `total_billable_amount` decimal(21,9) not null default 0, MODIFY `total_purchase_cost` decimal(21,9) not null default 0, MODIFY `percent_complete` decimal(21,9) not null default 0, MODIFY `total_sales_amount` decimal(21,9) not null default 0, MODIFY `total_billed_amount` decimal(21,9) not null default 0, MODIFY `gross_margin` decimal(21,9) not null default 0, MODIFY `per_gross_margin` decimal(21,9) not null default 0, MODIFY `estimated_costing` decimal(21,9) not null default 0, MODIFY `total_costing_amount` decimal(21,9) not null default 0, MODIFY `actual_time` decimal(21,9) not null default 0
2025-11-21 19:24:32,735 WARNING database DDL Query made to DB:
ALTER TABLE `tabTerms and Conditions` ADD COLUMN `hr` int(1) not null default 1
2025-11-21 19:24:30,937 WARNING database DDL Query made to DB:
ALTER TABLE `tabTimesheet` ADD COLUMN `salary_slip` varchar(140)
2025-11-21 19:24:30,958 WARNING database DDL Query made to DB:
ALTER TABLE `tabTimesheet` MODIFY `per_billed` decimal(21,9) not null default 0, MODIFY `base_total_billed_amount` decimal(21,9) not null default 0, MODIFY `total_billable_hours` decimal(21,9) not null default 0, MODIFY `base_total_costing_amount` decimal(21,9) not null default 0, MODIFY `total_costing_amount` decimal(21,9) not null default 0, MODIFY `total_billed_hours` decimal(21,9) not null default 0, MODIFY `base_total_billable_amount` decimal(21,9) not null default 0, MODIFY `total_billed_amount` decimal(21,9) not null default 0
2025-11-21 19:24:31,014 WARNING database DDL Query made to DB:
ALTER TABLE `tabCompany` ADD COLUMN `default_payroll_payable_account` varchar(140), ADD COLUMN `default_employee_advance_account` varchar(140), ADD COLUMN `default_expense_claim_payable_account` varchar(140)
2025-11-21 19:24:31,039 WARNING database DDL Query made to DB:
ALTER TABLE `tabCompany` MODIFY `monthly_sales_target` decimal(21,9) not null default 0, MODIFY `total_monthly_sales` decimal(21,9) not null default 0, MODIFY `credit_limit` decimal(21,9) not null default 0
2025-11-21 19:24:31,085 WARNING database DDL Query made to DB:
ALTER TABLE `tabDepartment` ADD COLUMN `payroll_cost_center` varchar(140), ADD COLUMN `leave_block_list` varchar(140)
2025-11-21 19:24:31,141 WARNING database DDL Query made to DB:
ALTER TABLE `tabEmployee` ADD COLUMN `employment_type` varchar(140), ADD COLUMN `grade` varchar(140), ADD COLUMN `job_applicant` varchar(140), ADD COLUMN `default_shift` varchar(140), ADD COLUMN `expense_approver` varchar(140), ADD COLUMN `leave_approver` varchar(140), ADD COLUMN `shift_request_approver` varchar(140), ADD COLUMN `employee_advance_account` varchar(140), ADD COLUMN `payroll_cost_center` varchar(140), ADD COLUMN `health_insurance_provider` varchar(140), ADD COLUMN `health_insurance_no` varchar(140)
2025-11-21 19:24:31,163 WARNING database DDL Query made to DB:
ALTER TABLE `tabEmployee` MODIFY `ctc` decimal(21,9) not null default 0
2025-11-21 19:24:31,202 WARNING database DDL Query made to DB:
ALTER TABLE `tabDesignation` ADD COLUMN `appraisal_template` varchar(140)
